

Started GET "/" for ::1 at 2016-05-17 21:37:51 -0700

Gem::LoadError - Specified 'postgresql' for database adapter, but the gem is not loaded. Add `gem 'pg'` to your Gemfile (and ensure its version is at the minimum required by ActiveRecord).:
  activerecord (4.2.6) lib/active_record/connection_adapters/connection_specification.rb:177:in `rescue in spec'
  activerecord (4.2.6) lib/active_record/connection_adapters/connection_specification.rb:174:in `spec'
  activerecord (4.2.6) lib/active_record/connection_handling.rb:50:in `establish_connection'
  activerecord (4.2.6) lib/active_record/railtie.rb:120:in `block (2 levels) in <class:Railtie>'
  activesupport (4.2.6) lib/active_support/lazy_load_hooks.rb:38:in `execute_hook'
  activesupport (4.2.6) lib/active_support/lazy_load_hooks.rb:45:in `block in run_load_hooks'
  activesupport (4.2.6) lib/active_support/lazy_load_hooks.rb:44:in `run_load_hooks'
  activerecord (4.2.6) lib/active_record/base.rb:315:in `<module:ActiveRecord>'
  activerecord (4.2.6) lib/active_record/base.rb:26:in `<top (required)>'
  activerecord (4.2.6) lib/active_record/migration.rb:383:in `connection'
  activerecord (4.2.6) lib/active_record/migration.rb:370:in `call'
  actionpack (4.2.6) lib/action_dispatch/middleware/callbacks.rb:29:in `block in call'
  activesupport (4.2.6) lib/active_support/callbacks.rb:88:in `__run_callbacks__'
  activesupport (4.2.6) lib/active_support/callbacks.rb:778:in `_run_call_callbacks'
  activesupport (4.2.6) lib/active_support/callbacks.rb:81:in `run_callbacks'
  actionpack (4.2.6) lib/action_dispatch/middleware/callbacks.rb:27:in `call'
  actionpack (4.2.6) lib/action_dispatch/middleware/reloader.rb:73:in `call'
  actionpack (4.2.6) lib/action_dispatch/middleware/remote_ip.rb:78:in `call'
  better_errors (2.1.1) lib/better_errors/middleware.rb:84:in `protected_app_call'
  better_errors (2.1.1) lib/better_errors/middleware.rb:79:in `better_errors_call'
  better_errors (2.1.1) lib/better_errors/middleware.rb:57:in `call'
  actionpack (4.2.6) lib/action_dispatch/middleware/debug_exceptions.rb:17:in `call'
  web-console (2.3.0) lib/web_console/middleware.rb:28:in `block in call'
  web-console (2.3.0) lib/web_console/middleware.rb:18:in `call'
  actionpack (4.2.6) lib/action_dispatch/middleware/show_exceptions.rb:30:in `call'
  railties (4.2.6) lib/rails/rack/logger.rb:38:in `call_app'
  railties (4.2.6) lib/rails/rack/logger.rb:20:in `block in call'
  activesupport (4.2.6) lib/active_support/tagged_logging.rb:68:in `block in tagged'
  activesupport (4.2.6) lib/active_support/tagged_logging.rb:26:in `tagged'
  activesupport (4.2.6) lib/active_support/tagged_logging.rb:68:in `tagged'
  railties (4.2.6) lib/rails/rack/logger.rb:20:in `call'
  actionpack (4.2.6) lib/action_dispatch/middleware/request_id.rb:21:in `call'
  rack (1.6.4) lib/rack/methodoverride.rb:22:in `call'
  rack (1.6.4) lib/rack/runtime.rb:18:in `call'
  activesupport (4.2.6) lib/active_support/cache/strategy/local_cache_middleware.rb:28:in `call'
  rack (1.6.4) lib/rack/lock.rb:17:in `call'
  actionpack (4.2.6) lib/action_dispatch/middleware/static.rb:120:in `call'
  rack (1.6.4) lib/rack/sendfile.rb:113:in `call'
  railties (4.2.6) lib/rails/engine.rb:518:in `call'
  railties (4.2.6) lib/rails/application.rb:165:in `call'
  rack (1.6.4) lib/rack/lock.rb:17:in `call'
  rack (1.6.4) lib/rack/content_length.rb:15:in `call'
  rack (1.6.4) lib/rack/handler/webrick.rb:88:in `service'
  /Users/Maverick/.rvm/rubies/ruby-2.2.1/lib/ruby/2.2.0/webrick/httpserver.rb:138:in `service'
  /Users/Maverick/.rvm/rubies/ruby-2.2.1/lib/ruby/2.2.0/webrick/httpserver.rb:94:in `run'
  /Users/Maverick/.rvm/rubies/ruby-2.2.1/lib/ruby/2.2.0/webrick/server.rb:294:in `block in start_thread'



Started POST "/__better_errors/c4596b3b98845232/variables" for ::1 at 2016-05-17 21:37:51 -0700

NameError (wrong local variable name `#$!' for #<Binding:0x007f83fad62088>):
  better_errors (2.1.1) lib/better_errors/stack_frame.rb:73:in `local_variable_get'
  better_errors (2.1.1) lib/better_errors/stack_frame.rb:73:in `block in local_variables'
  better_errors (2.1.1) lib/better_errors/stack_frame.rb:71:in `each'
  better_errors (2.1.1) lib/better_errors/stack_frame.rb:71:in `each_with_object'
  better_errors (2.1.1) lib/better_errors/stack_frame.rb:71:in `local_variables'
  (erubis:52:in `render'
  erubis (2.7.0) lib/erubis/evaluator.rb:65:in `eval'
  erubis (2.7.0) lib/erubis/evaluator.rb:65:in `result'
  better_errors (2.1.1) lib/better_errors/error_page.rb:30:in `render'
  better_errors (2.1.1) lib/better_errors/error_page.rb:37:in `do_variables'
  better_errors (2.1.1) lib/better_errors/middleware.rb:132:in `internal_call'
  better_errors (2.1.1) lib/better_errors/middleware.rb:75:in `better_errors_call'
  better_errors (2.1.1) lib/better_errors/middleware.rb:57:in `call'
  actionpack (4.2.6) lib/action_dispatch/middleware/debug_exceptions.rb:17:in `call'
  web-console (2.3.0) lib/web_console/middleware.rb:28:in `block in call'
  web-console (2.3.0) lib/web_console/middleware.rb:18:in `catch'
  web-console (2.3.0) lib/web_console/middleware.rb:18:in `call'
  actionpack (4.2.6) lib/action_dispatch/middleware/show_exceptions.rb:30:in `call'
  railties (4.2.6) lib/rails/rack/logger.rb:38:in `call_app'
  railties (4.2.6) lib/rails/rack/logger.rb:20:in `block in call'
  activesupport (4.2.6) lib/active_support/tagged_logging.rb:68:in `block in tagged'
  activesupport (4.2.6) lib/active_support/tagged_logging.rb:26:in `tagged'
  activesupport (4.2.6) lib/active_support/tagged_logging.rb:68:in `tagged'
  railties (4.2.6) lib/rails/rack/logger.rb:20:in `call'
  actionpack (4.2.6) lib/action_dispatch/middleware/request_id.rb:21:in `call'
  rack (1.6.4) lib/rack/methodoverride.rb:22:in `call'
  rack (1.6.4) lib/rack/runtime.rb:18:in `call'
  activesupport (4.2.6) lib/active_support/cache/strategy/local_cache_middleware.rb:28:in `call'
  rack (1.6.4) lib/rack/lock.rb:17:in `call'
  actionpack (4.2.6) lib/action_dispatch/middleware/static.rb:120:in `call'
  rack (1.6.4) lib/rack/sendfile.rb:113:in `call'
  railties (4.2.6) lib/rails/engine.rb:518:in `call'
  railties (4.2.6) lib/rails/application.rb:165:in `call'
  rack (1.6.4) lib/rack/lock.rb:17:in `call'
  rack (1.6.4) lib/rack/content_length.rb:15:in `call'
  rack (1.6.4) lib/rack/handler/webrick.rb:88:in `service'
  /Users/Maverick/.rvm/rubies/ruby-2.2.1/lib/ruby/2.2.0/webrick/httpserver.rb:138:in `service'
  /Users/Maverick/.rvm/rubies/ruby-2.2.1/lib/ruby/2.2.0/webrick/httpserver.rb:94:in `run'
  /Users/Maverick/.rvm/rubies/ruby-2.2.1/lib/ruby/2.2.0/webrick/server.rb:294:in `block in start_thread'


  Rendered /Users/Maverick/.rvm/gems/ruby-2.2.1/gems/actionpack-4.2.6/lib/action_dispatch/middleware/templates/rescues/_source.erb (5.3ms)
  Rendered /Users/Maverick/.rvm/gems/ruby-2.2.1/gems/actionpack-4.2.6/lib/action_dispatch/middleware/templates/rescues/_trace.html.erb (1.4ms)
  Rendered /Users/Maverick/.rvm/gems/ruby-2.2.1/gems/actionpack-4.2.6/lib/action_dispatch/middleware/templates/rescues/_request_and_response.html.erb (0.9ms)
  Rendered /Users/Maverick/.rvm/gems/ruby-2.2.1/gems/actionpack-4.2.6/lib/action_dispatch/middleware/templates/rescues/diagnostics.html.erb within rescues/layout (57.1ms)
  Rendered /Users/Maverick/.rvm/gems/ruby-2.2.1/gems/web-console-2.3.0/lib/web_console/templates/_markup.html.erb (0.6ms)
  Rendered /Users/Maverick/.rvm/gems/ruby-2.2.1/gems/web-console-2.3.0/lib/web_console/templates/_inner_console_markup.html.erb within layouts/inlined_string (0.3ms)
  Rendered /Users/Maverick/.rvm/gems/ruby-2.2.1/gems/web-console-2.3.0/lib/web_console/templates/_prompt_box_markup.html.erb within layouts/inlined_string (0.3ms)
  Rendered /Users/Maverick/.rvm/gems/ruby-2.2.1/gems/web-console-2.3.0/lib/web_console/templates/style.css.erb within layouts/inlined_string (0.3ms)
  Rendered /Users/Maverick/.rvm/gems/ruby-2.2.1/gems/web-console-2.3.0/lib/web_console/templates/console.js.erb within layouts/javascript (37.6ms)
  Rendered /Users/Maverick/.rvm/gems/ruby-2.2.1/gems/web-console-2.3.0/lib/web_console/templates/main.js.erb within layouts/javascript (0.2ms)
  Rendered /Users/Maverick/.rvm/gems/ruby-2.2.1/gems/web-console-2.3.0/lib/web_console/templates/error_page.js.erb within layouts/javascript (0.3ms)
  Rendered /Users/Maverick/.rvm/gems/ruby-2.2.1/gems/web-console-2.3.0/lib/web_console/templates/index.html.erb (86.8ms)


Started GET "/" for ::1 at 2016-05-17 21:39:20 -0700

Gem::LoadError - Specified 'postgresql' for database adapter, but the gem is not loaded. Add `gem 'pg'` to your Gemfile (and ensure its version is at the minimum required by ActiveRecord).:
  activerecord (4.2.6) lib/active_record/connection_adapters/connection_specification.rb:177:in `rescue in spec'
  activerecord (4.2.6) lib/active_record/connection_adapters/connection_specification.rb:174:in `spec'
  activerecord (4.2.6) lib/active_record/connection_handling.rb:50:in `establish_connection'
  activerecord (4.2.6) lib/active_record/railtie.rb:120:in `block (2 levels) in <class:Railtie>'
  activesupport (4.2.6) lib/active_support/lazy_load_hooks.rb:38:in `execute_hook'
  activesupport (4.2.6) lib/active_support/lazy_load_hooks.rb:45:in `block in run_load_hooks'
  activesupport (4.2.6) lib/active_support/lazy_load_hooks.rb:44:in `run_load_hooks'
  activerecord (4.2.6) lib/active_record/base.rb:315:in `<module:ActiveRecord>'
  activerecord (4.2.6) lib/active_record/base.rb:26:in `<top (required)>'
  activerecord (4.2.6) lib/active_record/migration.rb:383:in `connection'
  activerecord (4.2.6) lib/active_record/migration.rb:370:in `call'
  actionpack (4.2.6) lib/action_dispatch/middleware/callbacks.rb:29:in `block in call'
  activesupport (4.2.6) lib/active_support/callbacks.rb:88:in `__run_callbacks__'
  activesupport (4.2.6) lib/active_support/callbacks.rb:778:in `_run_call_callbacks'
  activesupport (4.2.6) lib/active_support/callbacks.rb:81:in `run_callbacks'
  actionpack (4.2.6) lib/action_dispatch/middleware/callbacks.rb:27:in `call'
  actionpack (4.2.6) lib/action_dispatch/middleware/reloader.rb:73:in `call'
  actionpack (4.2.6) lib/action_dispatch/middleware/remote_ip.rb:78:in `call'
  better_errors (2.1.1) lib/better_errors/middleware.rb:84:in `protected_app_call'
  better_errors (2.1.1) lib/better_errors/middleware.rb:79:in `better_errors_call'
  better_errors (2.1.1) lib/better_errors/middleware.rb:57:in `call'
  actionpack (4.2.6) lib/action_dispatch/middleware/debug_exceptions.rb:17:in `call'
  web-console (2.3.0) lib/web_console/middleware.rb:28:in `block in call'
  web-console (2.3.0) lib/web_console/middleware.rb:18:in `call'
  actionpack (4.2.6) lib/action_dispatch/middleware/show_exceptions.rb:30:in `call'
  railties (4.2.6) lib/rails/rack/logger.rb:38:in `call_app'
  railties (4.2.6) lib/rails/rack/logger.rb:20:in `block in call'
  activesupport (4.2.6) lib/active_support/tagged_logging.rb:68:in `block in tagged'
  activesupport (4.2.6) lib/active_support/tagged_logging.rb:26:in `tagged'
  activesupport (4.2.6) lib/active_support/tagged_logging.rb:68:in `tagged'
  railties (4.2.6) lib/rails/rack/logger.rb:20:in `call'
  actionpack (4.2.6) lib/action_dispatch/middleware/request_id.rb:21:in `call'
  rack (1.6.4) lib/rack/methodoverride.rb:22:in `call'
  rack (1.6.4) lib/rack/runtime.rb:18:in `call'
  activesupport (4.2.6) lib/active_support/cache/strategy/local_cache_middleware.rb:28:in `call'
  rack (1.6.4) lib/rack/lock.rb:17:in `call'
  actionpack (4.2.6) lib/action_dispatch/middleware/static.rb:120:in `call'
  rack (1.6.4) lib/rack/sendfile.rb:113:in `call'
  railties (4.2.6) lib/rails/engine.rb:518:in `call'
  railties (4.2.6) lib/rails/application.rb:165:in `call'
  rack (1.6.4) lib/rack/lock.rb:17:in `call'
  rack (1.6.4) lib/rack/content_length.rb:15:in `call'
  rack (1.6.4) lib/rack/handler/webrick.rb:88:in `service'
  /Users/Maverick/.rvm/rubies/ruby-2.2.1/lib/ruby/2.2.0/webrick/httpserver.rb:138:in `service'
  /Users/Maverick/.rvm/rubies/ruby-2.2.1/lib/ruby/2.2.0/webrick/httpserver.rb:94:in `run'
  /Users/Maverick/.rvm/rubies/ruby-2.2.1/lib/ruby/2.2.0/webrick/server.rb:294:in `block in start_thread'



Started POST "/__better_errors/e8e0ba35a5cfd390/variables" for ::1 at 2016-05-17 21:39:20 -0700

NameError (wrong local variable name `#$!' for #<Binding:0x007f83fa5c3048>):
  better_errors (2.1.1) lib/better_errors/stack_frame.rb:73:in `local_variable_get'
  better_errors (2.1.1) lib/better_errors/stack_frame.rb:73:in `block in local_variables'
  better_errors (2.1.1) lib/better_errors/stack_frame.rb:71:in `each'
  better_errors (2.1.1) lib/better_errors/stack_frame.rb:71:in `each_with_object'
  better_errors (2.1.1) lib/better_errors/stack_frame.rb:71:in `local_variables'
  (erubis:52:in `render'
  erubis (2.7.0) lib/erubis/evaluator.rb:65:in `eval'
  erubis (2.7.0) lib/erubis/evaluator.rb:65:in `result'
  better_errors (2.1.1) lib/better_errors/error_page.rb:30:in `render'
  better_errors (2.1.1) lib/better_errors/error_page.rb:37:in `do_variables'
  better_errors (2.1.1) lib/better_errors/middleware.rb:132:in `internal_call'
  better_errors (2.1.1) lib/better_errors/middleware.rb:75:in `better_errors_call'
  better_errors (2.1.1) lib/better_errors/middleware.rb:57:in `call'
  actionpack (4.2.6) lib/action_dispatch/middleware/debug_exceptions.rb:17:in `call'
  web-console (2.3.0) lib/web_console/middleware.rb:28:in `block in call'
  web-console (2.3.0) lib/web_console/middleware.rb:18:in `catch'
  web-console (2.3.0) lib/web_console/middleware.rb:18:in `call'
  actionpack (4.2.6) lib/action_dispatch/middleware/show_exceptions.rb:30:in `call'
  railties (4.2.6) lib/rails/rack/logger.rb:38:in `call_app'
  railties (4.2.6) lib/rails/rack/logger.rb:20:in `block in call'
  activesupport (4.2.6) lib/active_support/tagged_logging.rb:68:in `block in tagged'
  activesupport (4.2.6) lib/active_support/tagged_logging.rb:26:in `tagged'
  activesupport (4.2.6) lib/active_support/tagged_logging.rb:68:in `tagged'
  railties (4.2.6) lib/rails/rack/logger.rb:20:in `call'
  actionpack (4.2.6) lib/action_dispatch/middleware/request_id.rb:21:in `call'
  rack (1.6.4) lib/rack/methodoverride.rb:22:in `call'
  rack (1.6.4) lib/rack/runtime.rb:18:in `call'
  activesupport (4.2.6) lib/active_support/cache/strategy/local_cache_middleware.rb:28:in `call'
  rack (1.6.4) lib/rack/lock.rb:17:in `call'
  actionpack (4.2.6) lib/action_dispatch/middleware/static.rb:120:in `call'
  rack (1.6.4) lib/rack/sendfile.rb:113:in `call'
  railties (4.2.6) lib/rails/engine.rb:518:in `call'
  railties (4.2.6) lib/rails/application.rb:165:in `call'
  rack (1.6.4) lib/rack/lock.rb:17:in `call'
  rack (1.6.4) lib/rack/content_length.rb:15:in `call'
  rack (1.6.4) lib/rack/handler/webrick.rb:88:in `service'
  /Users/Maverick/.rvm/rubies/ruby-2.2.1/lib/ruby/2.2.0/webrick/httpserver.rb:138:in `service'
  /Users/Maverick/.rvm/rubies/ruby-2.2.1/lib/ruby/2.2.0/webrick/httpserver.rb:94:in `run'
  /Users/Maverick/.rvm/rubies/ruby-2.2.1/lib/ruby/2.2.0/webrick/server.rb:294:in `block in start_thread'


  Rendered /Users/Maverick/.rvm/gems/ruby-2.2.1/gems/actionpack-4.2.6/lib/action_dispatch/middleware/templates/rescues/_source.erb (3.8ms)
  Rendered /Users/Maverick/.rvm/gems/ruby-2.2.1/gems/actionpack-4.2.6/lib/action_dispatch/middleware/templates/rescues/_trace.html.erb (1.6ms)
  Rendered /Users/Maverick/.rvm/gems/ruby-2.2.1/gems/actionpack-4.2.6/lib/action_dispatch/middleware/templates/rescues/_request_and_response.html.erb (0.8ms)
  Rendered /Users/Maverick/.rvm/gems/ruby-2.2.1/gems/actionpack-4.2.6/lib/action_dispatch/middleware/templates/rescues/diagnostics.html.erb within rescues/layout (50.4ms)
  Rendered /Users/Maverick/.rvm/gems/ruby-2.2.1/gems/web-console-2.3.0/lib/web_console/templates/_markup.html.erb (0.3ms)
  Rendered /Users/Maverick/.rvm/gems/ruby-2.2.1/gems/web-console-2.3.0/lib/web_console/templates/_inner_console_markup.html.erb within layouts/inlined_string (0.2ms)
  Rendered /Users/Maverick/.rvm/gems/ruby-2.2.1/gems/web-console-2.3.0/lib/web_console/templates/_prompt_box_markup.html.erb within layouts/inlined_string (0.2ms)
  Rendered /Users/Maverick/.rvm/gems/ruby-2.2.1/gems/web-console-2.3.0/lib/web_console/templates/style.css.erb within layouts/inlined_string (0.2ms)
  Rendered /Users/Maverick/.rvm/gems/ruby-2.2.1/gems/web-console-2.3.0/lib/web_console/templates/console.js.erb within layouts/javascript (34.6ms)
  Rendered /Users/Maverick/.rvm/gems/ruby-2.2.1/gems/web-console-2.3.0/lib/web_console/templates/main.js.erb within layouts/javascript (0.2ms)
  Rendered /Users/Maverick/.rvm/gems/ruby-2.2.1/gems/web-console-2.3.0/lib/web_console/templates/error_page.js.erb within layouts/javascript (3.6ms)
  Rendered /Users/Maverick/.rvm/gems/ruby-2.2.1/gems/web-console-2.3.0/lib/web_console/templates/index.html.erb (81.9ms)


Started GET "/" for ::1 at 2016-05-17 21:39:21 -0700

Gem::LoadError - Specified 'postgresql' for database adapter, but the gem is not loaded. Add `gem 'pg'` to your Gemfile (and ensure its version is at the minimum required by ActiveRecord).:
  activerecord (4.2.6) lib/active_record/connection_adapters/connection_specification.rb:177:in `rescue in spec'
  activerecord (4.2.6) lib/active_record/connection_adapters/connection_specification.rb:174:in `spec'
  activerecord (4.2.6) lib/active_record/connection_handling.rb:50:in `establish_connection'
  activerecord (4.2.6) lib/active_record/railtie.rb:120:in `block (2 levels) in <class:Railtie>'
  activesupport (4.2.6) lib/active_support/lazy_load_hooks.rb:38:in `execute_hook'
  activesupport (4.2.6) lib/active_support/lazy_load_hooks.rb:45:in `block in run_load_hooks'
  activesupport (4.2.6) lib/active_support/lazy_load_hooks.rb:44:in `run_load_hooks'
  activerecord (4.2.6) lib/active_record/base.rb:315:in `<module:ActiveRecord>'
  activerecord (4.2.6) lib/active_record/base.rb:26:in `<top (required)>'
  activerecord (4.2.6) lib/active_record/migration.rb:383:in `connection'
  activerecord (4.2.6) lib/active_record/migration.rb:370:in `call'
  actionpack (4.2.6) lib/action_dispatch/middleware/callbacks.rb:29:in `block in call'
  activesupport (4.2.6) lib/active_support/callbacks.rb:88:in `__run_callbacks__'
  activesupport (4.2.6) lib/active_support/callbacks.rb:778:in `_run_call_callbacks'
  activesupport (4.2.6) lib/active_support/callbacks.rb:81:in `run_callbacks'
  actionpack (4.2.6) lib/action_dispatch/middleware/callbacks.rb:27:in `call'
  actionpack (4.2.6) lib/action_dispatch/middleware/reloader.rb:73:in `call'
  actionpack (4.2.6) lib/action_dispatch/middleware/remote_ip.rb:78:in `call'
  better_errors (2.1.1) lib/better_errors/middleware.rb:84:in `protected_app_call'
  better_errors (2.1.1) lib/better_errors/middleware.rb:79:in `better_errors_call'
  better_errors (2.1.1) lib/better_errors/middleware.rb:57:in `call'
  actionpack (4.2.6) lib/action_dispatch/middleware/debug_exceptions.rb:17:in `call'
  web-console (2.3.0) lib/web_console/middleware.rb:28:in `block in call'
  web-console (2.3.0) lib/web_console/middleware.rb:18:in `call'
  actionpack (4.2.6) lib/action_dispatch/middleware/show_exceptions.rb:30:in `call'
  railties (4.2.6) lib/rails/rack/logger.rb:38:in `call_app'
  railties (4.2.6) lib/rails/rack/logger.rb:20:in `block in call'
  activesupport (4.2.6) lib/active_support/tagged_logging.rb:68:in `block in tagged'
  activesupport (4.2.6) lib/active_support/tagged_logging.rb:26:in `tagged'
  activesupport (4.2.6) lib/active_support/tagged_logging.rb:68:in `tagged'
  railties (4.2.6) lib/rails/rack/logger.rb:20:in `call'
  actionpack (4.2.6) lib/action_dispatch/middleware/request_id.rb:21:in `call'
  rack (1.6.4) lib/rack/methodoverride.rb:22:in `call'
  rack (1.6.4) lib/rack/runtime.rb:18:in `call'
  activesupport (4.2.6) lib/active_support/cache/strategy/local_cache_middleware.rb:28:in `call'
  rack (1.6.4) lib/rack/lock.rb:17:in `call'
  actionpack (4.2.6) lib/action_dispatch/middleware/static.rb:120:in `call'
  rack (1.6.4) lib/rack/sendfile.rb:113:in `call'
  railties (4.2.6) lib/rails/engine.rb:518:in `call'
  railties (4.2.6) lib/rails/application.rb:165:in `call'
  rack (1.6.4) lib/rack/lock.rb:17:in `call'
  rack (1.6.4) lib/rack/content_length.rb:15:in `call'
  rack (1.6.4) lib/rack/handler/webrick.rb:88:in `service'
  /Users/Maverick/.rvm/rubies/ruby-2.2.1/lib/ruby/2.2.0/webrick/httpserver.rb:138:in `service'
  /Users/Maverick/.rvm/rubies/ruby-2.2.1/lib/ruby/2.2.0/webrick/httpserver.rb:94:in `run'
  /Users/Maverick/.rvm/rubies/ruby-2.2.1/lib/ruby/2.2.0/webrick/server.rb:294:in `block in start_thread'



Started POST "/__better_errors/d89cf21a83dd775b/variables" for ::1 at 2016-05-17 21:39:21 -0700

NameError (wrong local variable name `#$!' for #<Binding:0x007f8400918d78>):
  better_errors (2.1.1) lib/better_errors/stack_frame.rb:73:in `local_variable_get'
  better_errors (2.1.1) lib/better_errors/stack_frame.rb:73:in `block in local_variables'
  better_errors (2.1.1) lib/better_errors/stack_frame.rb:71:in `each'
  better_errors (2.1.1) lib/better_errors/stack_frame.rb:71:in `each_with_object'
  better_errors (2.1.1) lib/better_errors/stack_frame.rb:71:in `local_variables'
  (erubis:52:in `render'
  erubis (2.7.0) lib/erubis/evaluator.rb:65:in `eval'
  erubis (2.7.0) lib/erubis/evaluator.rb:65:in `result'
  better_errors (2.1.1) lib/better_errors/error_page.rb:30:in `render'
  better_errors (2.1.1) lib/better_errors/error_page.rb:37:in `do_variables'
  better_errors (2.1.1) lib/better_errors/middleware.rb:132:in `internal_call'
  better_errors (2.1.1) lib/better_errors/middleware.rb:75:in `better_errors_call'
  better_errors (2.1.1) lib/better_errors/middleware.rb:57:in `call'
  actionpack (4.2.6) lib/action_dispatch/middleware/debug_exceptions.rb:17:in `call'
  web-console (2.3.0) lib/web_console/middleware.rb:28:in `block in call'
  web-console (2.3.0) lib/web_console/middleware.rb:18:in `catch'
  web-console (2.3.0) lib/web_console/middleware.rb:18:in `call'
  actionpack (4.2.6) lib/action_dispatch/middleware/show_exceptions.rb:30:in `call'
  railties (4.2.6) lib/rails/rack/logger.rb:38:in `call_app'
  railties (4.2.6) lib/rails/rack/logger.rb:20:in `block in call'
  activesupport (4.2.6) lib/active_support/tagged_logging.rb:68:in `block in tagged'
  activesupport (4.2.6) lib/active_support/tagged_logging.rb:26:in `tagged'
  activesupport (4.2.6) lib/active_support/tagged_logging.rb:68:in `tagged'
  railties (4.2.6) lib/rails/rack/logger.rb:20:in `call'
  actionpack (4.2.6) lib/action_dispatch/middleware/request_id.rb:21:in `call'
  rack (1.6.4) lib/rack/methodoverride.rb:22:in `call'
  rack (1.6.4) lib/rack/runtime.rb:18:in `call'
  activesupport (4.2.6) lib/active_support/cache/strategy/local_cache_middleware.rb:28:in `call'
  rack (1.6.4) lib/rack/lock.rb:17:in `call'
  actionpack (4.2.6) lib/action_dispatch/middleware/static.rb:120:in `call'
  rack (1.6.4) lib/rack/sendfile.rb:113:in `call'
  railties (4.2.6) lib/rails/engine.rb:518:in `call'
  railties (4.2.6) lib/rails/application.rb:165:in `call'
  rack (1.6.4) lib/rack/lock.rb:17:in `call'
  rack (1.6.4) lib/rack/content_length.rb:15:in `call'
  rack (1.6.4) lib/rack/handler/webrick.rb:88:in `service'
  /Users/Maverick/.rvm/rubies/ruby-2.2.1/lib/ruby/2.2.0/webrick/httpserver.rb:138:in `service'
  /Users/Maverick/.rvm/rubies/ruby-2.2.1/lib/ruby/2.2.0/webrick/httpserver.rb:94:in `run'
  /Users/Maverick/.rvm/rubies/ruby-2.2.1/lib/ruby/2.2.0/webrick/server.rb:294:in `block in start_thread'


  Rendered /Users/Maverick/.rvm/gems/ruby-2.2.1/gems/actionpack-4.2.6/lib/action_dispatch/middleware/templates/rescues/_source.erb (3.4ms)
  Rendered /Users/Maverick/.rvm/gems/ruby-2.2.1/gems/actionpack-4.2.6/lib/action_dispatch/middleware/templates/rescues/_trace.html.erb (1.5ms)
  Rendered /Users/Maverick/.rvm/gems/ruby-2.2.1/gems/actionpack-4.2.6/lib/action_dispatch/middleware/templates/rescues/_request_and_response.html.erb (1.0ms)
  Rendered /Users/Maverick/.rvm/gems/ruby-2.2.1/gems/actionpack-4.2.6/lib/action_dispatch/middleware/templates/rescues/diagnostics.html.erb within rescues/layout (54.9ms)
  Rendered /Users/Maverick/.rvm/gems/ruby-2.2.1/gems/web-console-2.3.0/lib/web_console/templates/_markup.html.erb (0.3ms)
  Rendered /Users/Maverick/.rvm/gems/ruby-2.2.1/gems/web-console-2.3.0/lib/web_console/templates/_inner_console_markup.html.erb within layouts/inlined_string (0.3ms)
  Rendered /Users/Maverick/.rvm/gems/ruby-2.2.1/gems/web-console-2.3.0/lib/web_console/templates/_prompt_box_markup.html.erb within layouts/inlined_string (0.2ms)
  Rendered /Users/Maverick/.rvm/gems/ruby-2.2.1/gems/web-console-2.3.0/lib/web_console/templates/style.css.erb within layouts/inlined_string (0.2ms)
  Rendered /Users/Maverick/.rvm/gems/ruby-2.2.1/gems/web-console-2.3.0/lib/web_console/templates/console.js.erb within layouts/javascript (36.9ms)
  Rendered /Users/Maverick/.rvm/gems/ruby-2.2.1/gems/web-console-2.3.0/lib/web_console/templates/main.js.erb within layouts/javascript (0.2ms)
  Rendered /Users/Maverick/.rvm/gems/ruby-2.2.1/gems/web-console-2.3.0/lib/web_console/templates/error_page.js.erb within layouts/javascript (0.3ms)
  Rendered /Users/Maverick/.rvm/gems/ruby-2.2.1/gems/web-console-2.3.0/lib/web_console/templates/index.html.erb (81.6ms)


Started GET "/" for ::1 at 2016-05-17 21:45:38 -0700

Gem::LoadError - Specified 'postgresql' for database adapter, but the gem is not loaded. Add `gem 'pg'` to your Gemfile (and ensure its version is at the minimum required by ActiveRecord).:
  activerecord (4.2.6) lib/active_record/connection_adapters/connection_specification.rb:177:in `rescue in spec'
  activerecord (4.2.6) lib/active_record/connection_adapters/connection_specification.rb:174:in `spec'
  activerecord (4.2.6) lib/active_record/connection_handling.rb:50:in `establish_connection'
  activerecord (4.2.6) lib/active_record/railtie.rb:120:in `block (2 levels) in <class:Railtie>'
  activesupport (4.2.6) lib/active_support/lazy_load_hooks.rb:38:in `execute_hook'
  activesupport (4.2.6) lib/active_support/lazy_load_hooks.rb:45:in `block in run_load_hooks'
  activesupport (4.2.6) lib/active_support/lazy_load_hooks.rb:44:in `run_load_hooks'
  activerecord (4.2.6) lib/active_record/base.rb:315:in `<module:ActiveRecord>'
  activerecord (4.2.6) lib/active_record/base.rb:26:in `<top (required)>'
  activerecord (4.2.6) lib/active_record/migration.rb:383:in `connection'
  activerecord (4.2.6) lib/active_record/migration.rb:370:in `call'
  actionpack (4.2.6) lib/action_dispatch/middleware/callbacks.rb:29:in `block in call'
  activesupport (4.2.6) lib/active_support/callbacks.rb:88:in `__run_callbacks__'
  activesupport (4.2.6) lib/active_support/callbacks.rb:778:in `_run_call_callbacks'
  activesupport (4.2.6) lib/active_support/callbacks.rb:81:in `run_callbacks'
  actionpack (4.2.6) lib/action_dispatch/middleware/callbacks.rb:27:in `call'
  actionpack (4.2.6) lib/action_dispatch/middleware/reloader.rb:73:in `call'
  actionpack (4.2.6) lib/action_dispatch/middleware/remote_ip.rb:78:in `call'
  better_errors (2.1.1) lib/better_errors/middleware.rb:84:in `protected_app_call'
  better_errors (2.1.1) lib/better_errors/middleware.rb:79:in `better_errors_call'
  better_errors (2.1.1) lib/better_errors/middleware.rb:57:in `call'
  actionpack (4.2.6) lib/action_dispatch/middleware/debug_exceptions.rb:17:in `call'
  web-console (2.3.0) lib/web_console/middleware.rb:28:in `block in call'
  web-console (2.3.0) lib/web_console/middleware.rb:18:in `call'
  actionpack (4.2.6) lib/action_dispatch/middleware/show_exceptions.rb:30:in `call'
  railties (4.2.6) lib/rails/rack/logger.rb:38:in `call_app'
  railties (4.2.6) lib/rails/rack/logger.rb:20:in `block in call'
  activesupport (4.2.6) lib/active_support/tagged_logging.rb:68:in `block in tagged'
  activesupport (4.2.6) lib/active_support/tagged_logging.rb:26:in `tagged'
  activesupport (4.2.6) lib/active_support/tagged_logging.rb:68:in `tagged'
  railties (4.2.6) lib/rails/rack/logger.rb:20:in `call'
  actionpack (4.2.6) lib/action_dispatch/middleware/request_id.rb:21:in `call'
  rack (1.6.4) lib/rack/methodoverride.rb:22:in `call'
  rack (1.6.4) lib/rack/runtime.rb:18:in `call'
  activesupport (4.2.6) lib/active_support/cache/strategy/local_cache_middleware.rb:28:in `call'
  rack (1.6.4) lib/rack/lock.rb:17:in `call'
  actionpack (4.2.6) lib/action_dispatch/middleware/static.rb:120:in `call'
  rack (1.6.4) lib/rack/sendfile.rb:113:in `call'
  railties (4.2.6) lib/rails/engine.rb:518:in `call'
  railties (4.2.6) lib/rails/application.rb:165:in `call'
  rack (1.6.4) lib/rack/lock.rb:17:in `call'
  rack (1.6.4) lib/rack/content_length.rb:15:in `call'
  rack (1.6.4) lib/rack/handler/webrick.rb:88:in `service'
  /Users/Maverick/.rvm/rubies/ruby-2.2.1/lib/ruby/2.2.0/webrick/httpserver.rb:138:in `service'
  /Users/Maverick/.rvm/rubies/ruby-2.2.1/lib/ruby/2.2.0/webrick/httpserver.rb:94:in `run'
  /Users/Maverick/.rvm/rubies/ruby-2.2.1/lib/ruby/2.2.0/webrick/server.rb:294:in `block in start_thread'



Started POST "/__better_errors/7772eae9a45bd4a4/variables" for ::1 at 2016-05-17 21:45:38 -0700

NameError (wrong local variable name `#$!' for #<Binding:0x007f80c9d26a80>):
  better_errors (2.1.1) lib/better_errors/stack_frame.rb:73:in `local_variable_get'
  better_errors (2.1.1) lib/better_errors/stack_frame.rb:73:in `block in local_variables'
  better_errors (2.1.1) lib/better_errors/stack_frame.rb:71:in `each'
  better_errors (2.1.1) lib/better_errors/stack_frame.rb:71:in `each_with_object'
  better_errors (2.1.1) lib/better_errors/stack_frame.rb:71:in `local_variables'
  (erubis:52:in `render'
  erubis (2.7.0) lib/erubis/evaluator.rb:65:in `eval'
  erubis (2.7.0) lib/erubis/evaluator.rb:65:in `result'
  better_errors (2.1.1) lib/better_errors/error_page.rb:30:in `render'
  better_errors (2.1.1) lib/better_errors/error_page.rb:37:in `do_variables'
  better_errors (2.1.1) lib/better_errors/middleware.rb:132:in `internal_call'
  better_errors (2.1.1) lib/better_errors/middleware.rb:75:in `better_errors_call'
  better_errors (2.1.1) lib/better_errors/middleware.rb:57:in `call'
  actionpack (4.2.6) lib/action_dispatch/middleware/debug_exceptions.rb:17:in `call'
  web-console (2.3.0) lib/web_console/middleware.rb:28:in `block in call'
  web-console (2.3.0) lib/web_console/middleware.rb:18:in `catch'
  web-console (2.3.0) lib/web_console/middleware.rb:18:in `call'
  actionpack (4.2.6) lib/action_dispatch/middleware/show_exceptions.rb:30:in `call'
  railties (4.2.6) lib/rails/rack/logger.rb:38:in `call_app'
  railties (4.2.6) lib/rails/rack/logger.rb:20:in `block in call'
  activesupport (4.2.6) lib/active_support/tagged_logging.rb:68:in `block in tagged'
  activesupport (4.2.6) lib/active_support/tagged_logging.rb:26:in `tagged'
  activesupport (4.2.6) lib/active_support/tagged_logging.rb:68:in `tagged'
  railties (4.2.6) lib/rails/rack/logger.rb:20:in `call'
  actionpack (4.2.6) lib/action_dispatch/middleware/request_id.rb:21:in `call'
  rack (1.6.4) lib/rack/methodoverride.rb:22:in `call'
  rack (1.6.4) lib/rack/runtime.rb:18:in `call'
  activesupport (4.2.6) lib/active_support/cache/strategy/local_cache_middleware.rb:28:in `call'
  rack (1.6.4) lib/rack/lock.rb:17:in `call'
  actionpack (4.2.6) lib/action_dispatch/middleware/static.rb:120:in `call'
  rack (1.6.4) lib/rack/sendfile.rb:113:in `call'
  railties (4.2.6) lib/rails/engine.rb:518:in `call'
  railties (4.2.6) lib/rails/application.rb:165:in `call'
  rack (1.6.4) lib/rack/lock.rb:17:in `call'
  rack (1.6.4) lib/rack/content_length.rb:15:in `call'
  rack (1.6.4) lib/rack/handler/webrick.rb:88:in `service'
  /Users/Maverick/.rvm/rubies/ruby-2.2.1/lib/ruby/2.2.0/webrick/httpserver.rb:138:in `service'
  /Users/Maverick/.rvm/rubies/ruby-2.2.1/lib/ruby/2.2.0/webrick/httpserver.rb:94:in `run'
  /Users/Maverick/.rvm/rubies/ruby-2.2.1/lib/ruby/2.2.0/webrick/server.rb:294:in `block in start_thread'


  Rendered /Users/Maverick/.rvm/gems/ruby-2.2.1/gems/actionpack-4.2.6/lib/action_dispatch/middleware/templates/rescues/_source.erb (4.0ms)
  Rendered /Users/Maverick/.rvm/gems/ruby-2.2.1/gems/actionpack-4.2.6/lib/action_dispatch/middleware/templates/rescues/_trace.html.erb (1.4ms)
  Rendered /Users/Maverick/.rvm/gems/ruby-2.2.1/gems/actionpack-4.2.6/lib/action_dispatch/middleware/templates/rescues/_request_and_response.html.erb (0.8ms)
  Rendered /Users/Maverick/.rvm/gems/ruby-2.2.1/gems/actionpack-4.2.6/lib/action_dispatch/middleware/templates/rescues/diagnostics.html.erb within rescues/layout (59.0ms)
  Rendered /Users/Maverick/.rvm/gems/ruby-2.2.1/gems/web-console-2.3.0/lib/web_console/templates/_markup.html.erb (0.3ms)
  Rendered /Users/Maverick/.rvm/gems/ruby-2.2.1/gems/web-console-2.3.0/lib/web_console/templates/_inner_console_markup.html.erb within layouts/inlined_string (0.3ms)
  Rendered /Users/Maverick/.rvm/gems/ruby-2.2.1/gems/web-console-2.3.0/lib/web_console/templates/_prompt_box_markup.html.erb within layouts/inlined_string (0.2ms)
  Rendered /Users/Maverick/.rvm/gems/ruby-2.2.1/gems/web-console-2.3.0/lib/web_console/templates/style.css.erb within layouts/inlined_string (0.2ms)
  Rendered /Users/Maverick/.rvm/gems/ruby-2.2.1/gems/web-console-2.3.0/lib/web_console/templates/console.js.erb within layouts/javascript (45.8ms)
  Rendered /Users/Maverick/.rvm/gems/ruby-2.2.1/gems/web-console-2.3.0/lib/web_console/templates/main.js.erb within layouts/javascript (0.2ms)
  Rendered /Users/Maverick/.rvm/gems/ruby-2.2.1/gems/web-console-2.3.0/lib/web_console/templates/error_page.js.erb within layouts/javascript (0.3ms)
  Rendered /Users/Maverick/.rvm/gems/ruby-2.2.1/gems/web-console-2.3.0/lib/web_console/templates/index.html.erb (95.4ms)


Started GET "/" for ::1 at 2016-05-17 21:48:37 -0700

Gem::LoadError - Specified 'postgresql' for database adapter, but the gem is not loaded. Add `gem 'pg'` to your Gemfile (and ensure its version is at the minimum required by ActiveRecord).:
  activerecord (4.2.6) lib/active_record/connection_adapters/connection_specification.rb:177:in `rescue in spec'
  activerecord (4.2.6) lib/active_record/connection_adapters/connection_specification.rb:174:in `spec'
  activerecord (4.2.6) lib/active_record/connection_handling.rb:50:in `establish_connection'
  activerecord (4.2.6) lib/active_record/railtie.rb:120:in `block (2 levels) in <class:Railtie>'
  activesupport (4.2.6) lib/active_support/lazy_load_hooks.rb:38:in `execute_hook'
  activesupport (4.2.6) lib/active_support/lazy_load_hooks.rb:45:in `block in run_load_hooks'
  activesupport (4.2.6) lib/active_support/lazy_load_hooks.rb:44:in `run_load_hooks'
  activerecord (4.2.6) lib/active_record/base.rb:315:in `<module:ActiveRecord>'
  activerecord (4.2.6) lib/active_record/base.rb:26:in `<top (required)>'
  activerecord (4.2.6) lib/active_record/migration.rb:383:in `connection'
  activerecord (4.2.6) lib/active_record/migration.rb:370:in `call'
  actionpack (4.2.6) lib/action_dispatch/middleware/callbacks.rb:29:in `block in call'
  activesupport (4.2.6) lib/active_support/callbacks.rb:88:in `__run_callbacks__'
  activesupport (4.2.6) lib/active_support/callbacks.rb:778:in `_run_call_callbacks'
  activesupport (4.2.6) lib/active_support/callbacks.rb:81:in `run_callbacks'
  actionpack (4.2.6) lib/action_dispatch/middleware/callbacks.rb:27:in `call'
  actionpack (4.2.6) lib/action_dispatch/middleware/reloader.rb:73:in `call'
  actionpack (4.2.6) lib/action_dispatch/middleware/remote_ip.rb:78:in `call'
  better_errors (2.1.1) lib/better_errors/middleware.rb:84:in `protected_app_call'
  better_errors (2.1.1) lib/better_errors/middleware.rb:79:in `better_errors_call'
  better_errors (2.1.1) lib/better_errors/middleware.rb:57:in `call'
  actionpack (4.2.6) lib/action_dispatch/middleware/debug_exceptions.rb:17:in `call'
  web-console (2.3.0) lib/web_console/middleware.rb:28:in `block in call'
  web-console (2.3.0) lib/web_console/middleware.rb:18:in `call'
  actionpack (4.2.6) lib/action_dispatch/middleware/show_exceptions.rb:30:in `call'
  railties (4.2.6) lib/rails/rack/logger.rb:38:in `call_app'
  railties (4.2.6) lib/rails/rack/logger.rb:20:in `block in call'
  activesupport (4.2.6) lib/active_support/tagged_logging.rb:68:in `block in tagged'
  activesupport (4.2.6) lib/active_support/tagged_logging.rb:26:in `tagged'
  activesupport (4.2.6) lib/active_support/tagged_logging.rb:68:in `tagged'
  railties (4.2.6) lib/rails/rack/logger.rb:20:in `call'
  actionpack (4.2.6) lib/action_dispatch/middleware/request_id.rb:21:in `call'
  rack (1.6.4) lib/rack/methodoverride.rb:22:in `call'
  rack (1.6.4) lib/rack/runtime.rb:18:in `call'
  activesupport (4.2.6) lib/active_support/cache/strategy/local_cache_middleware.rb:28:in `call'
  rack (1.6.4) lib/rack/lock.rb:17:in `call'
  actionpack (4.2.6) lib/action_dispatch/middleware/static.rb:120:in `call'
  rack (1.6.4) lib/rack/sendfile.rb:113:in `call'
  railties (4.2.6) lib/rails/engine.rb:518:in `call'
  railties (4.2.6) lib/rails/application.rb:165:in `call'
  rack (1.6.4) lib/rack/lock.rb:17:in `call'
  rack (1.6.4) lib/rack/content_length.rb:15:in `call'
  rack (1.6.4) lib/rack/handler/webrick.rb:88:in `service'
  /Users/Maverick/.rvm/rubies/ruby-2.2.1/lib/ruby/2.2.0/webrick/httpserver.rb:138:in `service'
  /Users/Maverick/.rvm/rubies/ruby-2.2.1/lib/ruby/2.2.0/webrick/httpserver.rb:94:in `run'
  /Users/Maverick/.rvm/rubies/ruby-2.2.1/lib/ruby/2.2.0/webrick/server.rb:294:in `block in start_thread'



Started POST "/__better_errors/dc55835e2ab6317e/variables" for ::1 at 2016-05-17 21:48:37 -0700

NameError (wrong local variable name `#$!' for #<Binding:0x007fd03249bab0>):
  better_errors (2.1.1) lib/better_errors/stack_frame.rb:73:in `local_variable_get'
  better_errors (2.1.1) lib/better_errors/stack_frame.rb:73:in `block in local_variables'
  better_errors (2.1.1) lib/better_errors/stack_frame.rb:71:in `each'
  better_errors (2.1.1) lib/better_errors/stack_frame.rb:71:in `each_with_object'
  better_errors (2.1.1) lib/better_errors/stack_frame.rb:71:in `local_variables'
  (erubis:52:in `render'
  erubis (2.7.0) lib/erubis/evaluator.rb:65:in `eval'
  erubis (2.7.0) lib/erubis/evaluator.rb:65:in `result'
  better_errors (2.1.1) lib/better_errors/error_page.rb:30:in `render'
  better_errors (2.1.1) lib/better_errors/error_page.rb:37:in `do_variables'
  better_errors (2.1.1) lib/better_errors/middleware.rb:132:in `internal_call'
  better_errors (2.1.1) lib/better_errors/middleware.rb:75:in `better_errors_call'
  better_errors (2.1.1) lib/better_errors/middleware.rb:57:in `call'
  actionpack (4.2.6) lib/action_dispatch/middleware/debug_exceptions.rb:17:in `call'
  web-console (2.3.0) lib/web_console/middleware.rb:28:in `block in call'
  web-console (2.3.0) lib/web_console/middleware.rb:18:in `catch'
  web-console (2.3.0) lib/web_console/middleware.rb:18:in `call'
  actionpack (4.2.6) lib/action_dispatch/middleware/show_exceptions.rb:30:in `call'
  railties (4.2.6) lib/rails/rack/logger.rb:38:in `call_app'
  railties (4.2.6) lib/rails/rack/logger.rb:20:in `block in call'
  activesupport (4.2.6) lib/active_support/tagged_logging.rb:68:in `block in tagged'
  activesupport (4.2.6) lib/active_support/tagged_logging.rb:26:in `tagged'
  activesupport (4.2.6) lib/active_support/tagged_logging.rb:68:in `tagged'
  railties (4.2.6) lib/rails/rack/logger.rb:20:in `call'
  actionpack (4.2.6) lib/action_dispatch/middleware/request_id.rb:21:in `call'
  rack (1.6.4) lib/rack/methodoverride.rb:22:in `call'
  rack (1.6.4) lib/rack/runtime.rb:18:in `call'
  activesupport (4.2.6) lib/active_support/cache/strategy/local_cache_middleware.rb:28:in `call'
  rack (1.6.4) lib/rack/lock.rb:17:in `call'
  actionpack (4.2.6) lib/action_dispatch/middleware/static.rb:120:in `call'
  rack (1.6.4) lib/rack/sendfile.rb:113:in `call'
  railties (4.2.6) lib/rails/engine.rb:518:in `call'
  railties (4.2.6) lib/rails/application.rb:165:in `call'
  rack (1.6.4) lib/rack/lock.rb:17:in `call'
  rack (1.6.4) lib/rack/content_length.rb:15:in `call'
  rack (1.6.4) lib/rack/handler/webrick.rb:88:in `service'
  /Users/Maverick/.rvm/rubies/ruby-2.2.1/lib/ruby/2.2.0/webrick/httpserver.rb:138:in `service'
  /Users/Maverick/.rvm/rubies/ruby-2.2.1/lib/ruby/2.2.0/webrick/httpserver.rb:94:in `run'
  /Users/Maverick/.rvm/rubies/ruby-2.2.1/lib/ruby/2.2.0/webrick/server.rb:294:in `block in start_thread'


  Rendered /Users/Maverick/.rvm/gems/ruby-2.2.1/gems/actionpack-4.2.6/lib/action_dispatch/middleware/templates/rescues/_source.erb (3.9ms)
  Rendered /Users/Maverick/.rvm/gems/ruby-2.2.1/gems/actionpack-4.2.6/lib/action_dispatch/middleware/templates/rescues/_trace.html.erb (1.4ms)
  Rendered /Users/Maverick/.rvm/gems/ruby-2.2.1/gems/actionpack-4.2.6/lib/action_dispatch/middleware/templates/rescues/_request_and_response.html.erb (0.8ms)
  Rendered /Users/Maverick/.rvm/gems/ruby-2.2.1/gems/actionpack-4.2.6/lib/action_dispatch/middleware/templates/rescues/diagnostics.html.erb within rescues/layout (61.5ms)
  Rendered /Users/Maverick/.rvm/gems/ruby-2.2.1/gems/web-console-2.3.0/lib/web_console/templates/_markup.html.erb (0.4ms)
  Rendered /Users/Maverick/.rvm/gems/ruby-2.2.1/gems/web-console-2.3.0/lib/web_console/templates/_inner_console_markup.html.erb within layouts/inlined_string (0.3ms)
  Rendered /Users/Maverick/.rvm/gems/ruby-2.2.1/gems/web-console-2.3.0/lib/web_console/templates/_prompt_box_markup.html.erb within layouts/inlined_string (0.3ms)
  Rendered /Users/Maverick/.rvm/gems/ruby-2.2.1/gems/web-console-2.3.0/lib/web_console/templates/style.css.erb within layouts/inlined_string (0.3ms)
  Rendered /Users/Maverick/.rvm/gems/ruby-2.2.1/gems/web-console-2.3.0/lib/web_console/templates/console.js.erb within layouts/javascript (42.8ms)
  Rendered /Users/Maverick/.rvm/gems/ruby-2.2.1/gems/web-console-2.3.0/lib/web_console/templates/main.js.erb within layouts/javascript (0.2ms)
  Rendered /Users/Maverick/.rvm/gems/ruby-2.2.1/gems/web-console-2.3.0/lib/web_console/templates/error_page.js.erb within layouts/javascript (0.3ms)
  Rendered /Users/Maverick/.rvm/gems/ruby-2.2.1/gems/web-console-2.3.0/lib/web_console/templates/index.html.erb (89.9ms)


Started GET "/" for ::1 at 2016-05-17 21:54:36 -0700

Gem::LoadError - Specified 'postgresql' for database adapter, but the gem is not loaded. Add `gem 'pg'` to your Gemfile (and ensure its version is at the minimum required by ActiveRecord).:
  activerecord (4.2.6) lib/active_record/connection_adapters/connection_specification.rb:177:in `rescue in spec'
  activerecord (4.2.6) lib/active_record/connection_adapters/connection_specification.rb:174:in `spec'
  activerecord (4.2.6) lib/active_record/connection_handling.rb:50:in `establish_connection'
  activerecord (4.2.6) lib/active_record/railtie.rb:120:in `block (2 levels) in <class:Railtie>'
  activesupport (4.2.6) lib/active_support/lazy_load_hooks.rb:38:in `execute_hook'
  activesupport (4.2.6) lib/active_support/lazy_load_hooks.rb:45:in `block in run_load_hooks'
  activesupport (4.2.6) lib/active_support/lazy_load_hooks.rb:44:in `run_load_hooks'
  activerecord (4.2.6) lib/active_record/base.rb:315:in `<module:ActiveRecord>'
  activerecord (4.2.6) lib/active_record/base.rb:26:in `<top (required)>'
  activerecord (4.2.6) lib/active_record/migration.rb:383:in `connection'
  activerecord (4.2.6) lib/active_record/migration.rb:370:in `call'
  actionpack (4.2.6) lib/action_dispatch/middleware/callbacks.rb:29:in `block in call'
  activesupport (4.2.6) lib/active_support/callbacks.rb:88:in `__run_callbacks__'
  activesupport (4.2.6) lib/active_support/callbacks.rb:778:in `_run_call_callbacks'
  activesupport (4.2.6) lib/active_support/callbacks.rb:81:in `run_callbacks'
  actionpack (4.2.6) lib/action_dispatch/middleware/callbacks.rb:27:in `call'
  actionpack (4.2.6) lib/action_dispatch/middleware/reloader.rb:73:in `call'
  actionpack (4.2.6) lib/action_dispatch/middleware/remote_ip.rb:78:in `call'
  better_errors (2.1.1) lib/better_errors/middleware.rb:84:in `protected_app_call'
  better_errors (2.1.1) lib/better_errors/middleware.rb:79:in `better_errors_call'
  better_errors (2.1.1) lib/better_errors/middleware.rb:57:in `call'
  actionpack (4.2.6) lib/action_dispatch/middleware/debug_exceptions.rb:17:in `call'
  web-console (2.3.0) lib/web_console/middleware.rb:28:in `block in call'
  web-console (2.3.0) lib/web_console/middleware.rb:18:in `call'
  actionpack (4.2.6) lib/action_dispatch/middleware/show_exceptions.rb:30:in `call'
  railties (4.2.6) lib/rails/rack/logger.rb:38:in `call_app'
  railties (4.2.6) lib/rails/rack/logger.rb:20:in `block in call'
  activesupport (4.2.6) lib/active_support/tagged_logging.rb:68:in `block in tagged'
  activesupport (4.2.6) lib/active_support/tagged_logging.rb:26:in `tagged'
  activesupport (4.2.6) lib/active_support/tagged_logging.rb:68:in `tagged'
  railties (4.2.6) lib/rails/rack/logger.rb:20:in `call'
  actionpack (4.2.6) lib/action_dispatch/middleware/request_id.rb:21:in `call'
  rack (1.6.4) lib/rack/methodoverride.rb:22:in `call'
  rack (1.6.4) lib/rack/runtime.rb:18:in `call'
  activesupport (4.2.6) lib/active_support/cache/strategy/local_cache_middleware.rb:28:in `call'
  rack (1.6.4) lib/rack/lock.rb:17:in `call'
  actionpack (4.2.6) lib/action_dispatch/middleware/static.rb:120:in `call'
  rack (1.6.4) lib/rack/sendfile.rb:113:in `call'
  railties (4.2.6) lib/rails/engine.rb:518:in `call'
  railties (4.2.6) lib/rails/application.rb:165:in `call'
  rack (1.6.4) lib/rack/lock.rb:17:in `call'
  rack (1.6.4) lib/rack/content_length.rb:15:in `call'
  rack (1.6.4) lib/rack/handler/webrick.rb:88:in `service'
  /Users/Maverick/.rvm/rubies/ruby-2.2.1/lib/ruby/2.2.0/webrick/httpserver.rb:138:in `service'
  /Users/Maverick/.rvm/rubies/ruby-2.2.1/lib/ruby/2.2.0/webrick/httpserver.rb:94:in `run'
  /Users/Maverick/.rvm/rubies/ruby-2.2.1/lib/ruby/2.2.0/webrick/server.rb:294:in `block in start_thread'



Started POST "/__better_errors/9a240648100bd99d/variables" for ::1 at 2016-05-17 21:54:36 -0700

NameError (wrong local variable name `#$!' for #<Binding:0x007f98b43f8e38>):
  better_errors (2.1.1) lib/better_errors/stack_frame.rb:73:in `local_variable_get'
  better_errors (2.1.1) lib/better_errors/stack_frame.rb:73:in `block in local_variables'
  better_errors (2.1.1) lib/better_errors/stack_frame.rb:71:in `each'
  better_errors (2.1.1) lib/better_errors/stack_frame.rb:71:in `each_with_object'
  better_errors (2.1.1) lib/better_errors/stack_frame.rb:71:in `local_variables'
  (erubis:52:in `render'
  erubis (2.7.0) lib/erubis/evaluator.rb:65:in `eval'
  erubis (2.7.0) lib/erubis/evaluator.rb:65:in `result'
  better_errors (2.1.1) lib/better_errors/error_page.rb:30:in `render'
  better_errors (2.1.1) lib/better_errors/error_page.rb:37:in `do_variables'
  better_errors (2.1.1) lib/better_errors/middleware.rb:132:in `internal_call'
  better_errors (2.1.1) lib/better_errors/middleware.rb:75:in `better_errors_call'
  better_errors (2.1.1) lib/better_errors/middleware.rb:57:in `call'
  actionpack (4.2.6) lib/action_dispatch/middleware/debug_exceptions.rb:17:in `call'
  web-console (2.3.0) lib/web_console/middleware.rb:28:in `block in call'
  web-console (2.3.0) lib/web_console/middleware.rb:18:in `catch'
  web-console (2.3.0) lib/web_console/middleware.rb:18:in `call'
  actionpack (4.2.6) lib/action_dispatch/middleware/show_exceptions.rb:30:in `call'
  railties (4.2.6) lib/rails/rack/logger.rb:38:in `call_app'
  railties (4.2.6) lib/rails/rack/logger.rb:20:in `block in call'
  activesupport (4.2.6) lib/active_support/tagged_logging.rb:68:in `block in tagged'
  activesupport (4.2.6) lib/active_support/tagged_logging.rb:26:in `tagged'
  activesupport (4.2.6) lib/active_support/tagged_logging.rb:68:in `tagged'
  railties (4.2.6) lib/rails/rack/logger.rb:20:in `call'
  actionpack (4.2.6) lib/action_dispatch/middleware/request_id.rb:21:in `call'
  rack (1.6.4) lib/rack/methodoverride.rb:22:in `call'
  rack (1.6.4) lib/rack/runtime.rb:18:in `call'
  activesupport (4.2.6) lib/active_support/cache/strategy/local_cache_middleware.rb:28:in `call'
  rack (1.6.4) lib/rack/lock.rb:17:in `call'
  actionpack (4.2.6) lib/action_dispatch/middleware/static.rb:120:in `call'
  rack (1.6.4) lib/rack/sendfile.rb:113:in `call'
  railties (4.2.6) lib/rails/engine.rb:518:in `call'
  railties (4.2.6) lib/rails/application.rb:165:in `call'
  rack (1.6.4) lib/rack/lock.rb:17:in `call'
  rack (1.6.4) lib/rack/content_length.rb:15:in `call'
  rack (1.6.4) lib/rack/handler/webrick.rb:88:in `service'
  /Users/Maverick/.rvm/rubies/ruby-2.2.1/lib/ruby/2.2.0/webrick/httpserver.rb:138:in `service'
  /Users/Maverick/.rvm/rubies/ruby-2.2.1/lib/ruby/2.2.0/webrick/httpserver.rb:94:in `run'
  /Users/Maverick/.rvm/rubies/ruby-2.2.1/lib/ruby/2.2.0/webrick/server.rb:294:in `block in start_thread'


  Rendered /Users/Maverick/.rvm/gems/ruby-2.2.1/gems/actionpack-4.2.6/lib/action_dispatch/middleware/templates/rescues/_source.erb (2.0ms)
  Rendered /Users/Maverick/.rvm/gems/ruby-2.2.1/gems/actionpack-4.2.6/lib/action_dispatch/middleware/templates/rescues/_trace.html.erb (2.4ms)
  Rendered /Users/Maverick/.rvm/gems/ruby-2.2.1/gems/actionpack-4.2.6/lib/action_dispatch/middleware/templates/rescues/_request_and_response.html.erb (0.7ms)
  Rendered /Users/Maverick/.rvm/gems/ruby-2.2.1/gems/actionpack-4.2.6/lib/action_dispatch/middleware/templates/rescues/diagnostics.html.erb within rescues/layout (44.0ms)
  Rendered /Users/Maverick/.rvm/gems/ruby-2.2.1/gems/web-console-2.3.0/lib/web_console/templates/_markup.html.erb (0.3ms)
  Rendered /Users/Maverick/.rvm/gems/ruby-2.2.1/gems/web-console-2.3.0/lib/web_console/templates/_inner_console_markup.html.erb within layouts/inlined_string (0.3ms)
  Rendered /Users/Maverick/.rvm/gems/ruby-2.2.1/gems/web-console-2.3.0/lib/web_console/templates/_prompt_box_markup.html.erb within layouts/inlined_string (0.3ms)
  Rendered /Users/Maverick/.rvm/gems/ruby-2.2.1/gems/web-console-2.3.0/lib/web_console/templates/style.css.erb within layouts/inlined_string (0.3ms)
  Rendered /Users/Maverick/.rvm/gems/ruby-2.2.1/gems/web-console-2.3.0/lib/web_console/templates/console.js.erb within layouts/javascript (38.9ms)
  Rendered /Users/Maverick/.rvm/gems/ruby-2.2.1/gems/web-console-2.3.0/lib/web_console/templates/main.js.erb within layouts/javascript (0.2ms)
  Rendered /Users/Maverick/.rvm/gems/ruby-2.2.1/gems/web-console-2.3.0/lib/web_console/templates/error_page.js.erb within layouts/javascript (0.3ms)
  Rendered /Users/Maverick/.rvm/gems/ruby-2.2.1/gems/web-console-2.3.0/lib/web_console/templates/index.html.erb (86.6ms)


Started GET "/" for ::1 at 2016-05-17 21:54:38 -0700

Gem::LoadError - Specified 'postgresql' for database adapter, but the gem is not loaded. Add `gem 'pg'` to your Gemfile (and ensure its version is at the minimum required by ActiveRecord).:
  activerecord (4.2.6) lib/active_record/connection_adapters/connection_specification.rb:177:in `rescue in spec'
  activerecord (4.2.6) lib/active_record/connection_adapters/connection_specification.rb:174:in `spec'
  activerecord (4.2.6) lib/active_record/connection_handling.rb:50:in `establish_connection'
  activerecord (4.2.6) lib/active_record/railtie.rb:120:in `block (2 levels) in <class:Railtie>'
  activesupport (4.2.6) lib/active_support/lazy_load_hooks.rb:38:in `execute_hook'
  activesupport (4.2.6) lib/active_support/lazy_load_hooks.rb:45:in `block in run_load_hooks'
  activesupport (4.2.6) lib/active_support/lazy_load_hooks.rb:44:in `run_load_hooks'
  activerecord (4.2.6) lib/active_record/base.rb:315:in `<module:ActiveRecord>'
  activerecord (4.2.6) lib/active_record/base.rb:26:in `<top (required)>'
  activerecord (4.2.6) lib/active_record/migration.rb:383:in `connection'
  activerecord (4.2.6) lib/active_record/migration.rb:370:in `call'
  actionpack (4.2.6) lib/action_dispatch/middleware/callbacks.rb:29:in `block in call'
  activesupport (4.2.6) lib/active_support/callbacks.rb:88:in `__run_callbacks__'
  activesupport (4.2.6) lib/active_support/callbacks.rb:778:in `_run_call_callbacks'
  activesupport (4.2.6) lib/active_support/callbacks.rb:81:in `run_callbacks'
  actionpack (4.2.6) lib/action_dispatch/middleware/callbacks.rb:27:in `call'
  actionpack (4.2.6) lib/action_dispatch/middleware/reloader.rb:73:in `call'
  actionpack (4.2.6) lib/action_dispatch/middleware/remote_ip.rb:78:in `call'
  better_errors (2.1.1) lib/better_errors/middleware.rb:84:in `protected_app_call'
  better_errors (2.1.1) lib/better_errors/middleware.rb:79:in `better_errors_call'
  better_errors (2.1.1) lib/better_errors/middleware.rb:57:in `call'
  actionpack (4.2.6) lib/action_dispatch/middleware/debug_exceptions.rb:17:in `call'
  web-console (2.3.0) lib/web_console/middleware.rb:28:in `block in call'
  web-console (2.3.0) lib/web_console/middleware.rb:18:in `call'
  actionpack (4.2.6) lib/action_dispatch/middleware/show_exceptions.rb:30:in `call'
  railties (4.2.6) lib/rails/rack/logger.rb:38:in `call_app'
  railties (4.2.6) lib/rails/rack/logger.rb:20:in `block in call'
  activesupport (4.2.6) lib/active_support/tagged_logging.rb:68:in `block in tagged'
  activesupport (4.2.6) lib/active_support/tagged_logging.rb:26:in `tagged'
  activesupport (4.2.6) lib/active_support/tagged_logging.rb:68:in `tagged'
  railties (4.2.6) lib/rails/rack/logger.rb:20:in `call'
  actionpack (4.2.6) lib/action_dispatch/middleware/request_id.rb:21:in `call'
  rack (1.6.4) lib/rack/methodoverride.rb:22:in `call'
  rack (1.6.4) lib/rack/runtime.rb:18:in `call'
  activesupport (4.2.6) lib/active_support/cache/strategy/local_cache_middleware.rb:28:in `call'
  rack (1.6.4) lib/rack/lock.rb:17:in `call'
  actionpack (4.2.6) lib/action_dispatch/middleware/static.rb:120:in `call'
  rack (1.6.4) lib/rack/sendfile.rb:113:in `call'
  railties (4.2.6) lib/rails/engine.rb:518:in `call'
  railties (4.2.6) lib/rails/application.rb:165:in `call'
  rack (1.6.4) lib/rack/lock.rb:17:in `call'
  rack (1.6.4) lib/rack/content_length.rb:15:in `call'
  rack (1.6.4) lib/rack/handler/webrick.rb:88:in `service'
  /Users/Maverick/.rvm/rubies/ruby-2.2.1/lib/ruby/2.2.0/webrick/httpserver.rb:138:in `service'
  /Users/Maverick/.rvm/rubies/ruby-2.2.1/lib/ruby/2.2.0/webrick/httpserver.rb:94:in `run'
  /Users/Maverick/.rvm/rubies/ruby-2.2.1/lib/ruby/2.2.0/webrick/server.rb:294:in `block in start_thread'



Started POST "/__better_errors/428af4cafd3363a8/variables" for ::1 at 2016-05-17 21:54:38 -0700

NameError (wrong local variable name `#$!' for #<Binding:0x007f98b5510ab8>):
  better_errors (2.1.1) lib/better_errors/stack_frame.rb:73:in `local_variable_get'
  better_errors (2.1.1) lib/better_errors/stack_frame.rb:73:in `block in local_variables'
  better_errors (2.1.1) lib/better_errors/stack_frame.rb:71:in `each'
  better_errors (2.1.1) lib/better_errors/stack_frame.rb:71:in `each_with_object'
  better_errors (2.1.1) lib/better_errors/stack_frame.rb:71:in `local_variables'
  (erubis:52:in `render'
  erubis (2.7.0) lib/erubis/evaluator.rb:65:in `eval'
  erubis (2.7.0) lib/erubis/evaluator.rb:65:in `result'
  better_errors (2.1.1) lib/better_errors/error_page.rb:30:in `render'
  better_errors (2.1.1) lib/better_errors/error_page.rb:37:in `do_variables'
  better_errors (2.1.1) lib/better_errors/middleware.rb:132:in `internal_call'
  better_errors (2.1.1) lib/better_errors/middleware.rb:75:in `better_errors_call'
  better_errors (2.1.1) lib/better_errors/middleware.rb:57:in `call'
  actionpack (4.2.6) lib/action_dispatch/middleware/debug_exceptions.rb:17:in `call'
  web-console (2.3.0) lib/web_console/middleware.rb:28:in `block in call'
  web-console (2.3.0) lib/web_console/middleware.rb:18:in `catch'
  web-console (2.3.0) lib/web_console/middleware.rb:18:in `call'
  actionpack (4.2.6) lib/action_dispatch/middleware/show_exceptions.rb:30:in `call'
  railties (4.2.6) lib/rails/rack/logger.rb:38:in `call_app'
  railties (4.2.6) lib/rails/rack/logger.rb:20:in `block in call'
  activesupport (4.2.6) lib/active_support/tagged_logging.rb:68:in `block in tagged'
  activesupport (4.2.6) lib/active_support/tagged_logging.rb:26:in `tagged'
  activesupport (4.2.6) lib/active_support/tagged_logging.rb:68:in `tagged'
  railties (4.2.6) lib/rails/rack/logger.rb:20:in `call'
  actionpack (4.2.6) lib/action_dispatch/middleware/request_id.rb:21:in `call'
  rack (1.6.4) lib/rack/methodoverride.rb:22:in `call'
  rack (1.6.4) lib/rack/runtime.rb:18:in `call'
  activesupport (4.2.6) lib/active_support/cache/strategy/local_cache_middleware.rb:28:in `call'
  rack (1.6.4) lib/rack/lock.rb:17:in `call'
  actionpack (4.2.6) lib/action_dispatch/middleware/static.rb:120:in `call'
  rack (1.6.4) lib/rack/sendfile.rb:113:in `call'
  railties (4.2.6) lib/rails/engine.rb:518:in `call'
  railties (4.2.6) lib/rails/application.rb:165:in `call'
  rack (1.6.4) lib/rack/lock.rb:17:in `call'
  rack (1.6.4) lib/rack/content_length.rb:15:in `call'
  rack (1.6.4) lib/rack/handler/webrick.rb:88:in `service'
  /Users/Maverick/.rvm/rubies/ruby-2.2.1/lib/ruby/2.2.0/webrick/httpserver.rb:138:in `service'
  /Users/Maverick/.rvm/rubies/ruby-2.2.1/lib/ruby/2.2.0/webrick/httpserver.rb:94:in `run'
  /Users/Maverick/.rvm/rubies/ruby-2.2.1/lib/ruby/2.2.0/webrick/server.rb:294:in `block in start_thread'


  Rendered /Users/Maverick/.rvm/gems/ruby-2.2.1/gems/actionpack-4.2.6/lib/action_dispatch/middleware/templates/rescues/_source.erb (2.3ms)
  Rendered /Users/Maverick/.rvm/gems/ruby-2.2.1/gems/actionpack-4.2.6/lib/action_dispatch/middleware/templates/rescues/_trace.html.erb (1.2ms)
  Rendered /Users/Maverick/.rvm/gems/ruby-2.2.1/gems/actionpack-4.2.6/lib/action_dispatch/middleware/templates/rescues/_request_and_response.html.erb (0.9ms)
  Rendered /Users/Maverick/.rvm/gems/ruby-2.2.1/gems/actionpack-4.2.6/lib/action_dispatch/middleware/templates/rescues/diagnostics.html.erb within rescues/layout (48.3ms)
  Rendered /Users/Maverick/.rvm/gems/ruby-2.2.1/gems/web-console-2.3.0/lib/web_console/templates/_markup.html.erb (0.3ms)
  Rendered /Users/Maverick/.rvm/gems/ruby-2.2.1/gems/web-console-2.3.0/lib/web_console/templates/_inner_console_markup.html.erb within layouts/inlined_string (0.3ms)
  Rendered /Users/Maverick/.rvm/gems/ruby-2.2.1/gems/web-console-2.3.0/lib/web_console/templates/_prompt_box_markup.html.erb within layouts/inlined_string (0.2ms)
  Rendered /Users/Maverick/.rvm/gems/ruby-2.2.1/gems/web-console-2.3.0/lib/web_console/templates/style.css.erb within layouts/inlined_string (0.4ms)
  Rendered /Users/Maverick/.rvm/gems/ruby-2.2.1/gems/web-console-2.3.0/lib/web_console/templates/console.js.erb within layouts/javascript (36.8ms)
  Rendered /Users/Maverick/.rvm/gems/ruby-2.2.1/gems/web-console-2.3.0/lib/web_console/templates/main.js.erb within layouts/javascript (0.2ms)
  Rendered /Users/Maverick/.rvm/gems/ruby-2.2.1/gems/web-console-2.3.0/lib/web_console/templates/error_page.js.erb within layouts/javascript (0.3ms)
  Rendered /Users/Maverick/.rvm/gems/ruby-2.2.1/gems/web-console-2.3.0/lib/web_console/templates/index.html.erb (77.1ms)


Started GET "/" for ::1 at 2016-05-17 21:56:40 -0700

Gem::LoadError - Specified 'postgresql' for database adapter, but the gem is not loaded. Add `gem 'pg'` to your Gemfile (and ensure its version is at the minimum required by ActiveRecord).:
  activerecord (4.2.6) lib/active_record/connection_adapters/connection_specification.rb:177:in `rescue in spec'
  activerecord (4.2.6) lib/active_record/connection_adapters/connection_specification.rb:174:in `spec'
  activerecord (4.2.6) lib/active_record/connection_handling.rb:50:in `establish_connection'
  activerecord (4.2.6) lib/active_record/railtie.rb:120:in `block (2 levels) in <class:Railtie>'
  activesupport (4.2.6) lib/active_support/lazy_load_hooks.rb:38:in `execute_hook'
  activesupport (4.2.6) lib/active_support/lazy_load_hooks.rb:45:in `block in run_load_hooks'
  activesupport (4.2.6) lib/active_support/lazy_load_hooks.rb:44:in `run_load_hooks'
  activerecord (4.2.6) lib/active_record/base.rb:315:in `<module:ActiveRecord>'
  activerecord (4.2.6) lib/active_record/base.rb:26:in `<top (required)>'
  activerecord (4.2.6) lib/active_record/migration.rb:383:in `connection'
  activerecord (4.2.6) lib/active_record/migration.rb:370:in `call'
  actionpack (4.2.6) lib/action_dispatch/middleware/callbacks.rb:29:in `block in call'
  activesupport (4.2.6) lib/active_support/callbacks.rb:88:in `__run_callbacks__'
  activesupport (4.2.6) lib/active_support/callbacks.rb:778:in `_run_call_callbacks'
  activesupport (4.2.6) lib/active_support/callbacks.rb:81:in `run_callbacks'
  actionpack (4.2.6) lib/action_dispatch/middleware/callbacks.rb:27:in `call'
  actionpack (4.2.6) lib/action_dispatch/middleware/reloader.rb:73:in `call'
  actionpack (4.2.6) lib/action_dispatch/middleware/remote_ip.rb:78:in `call'
  better_errors (2.1.1) lib/better_errors/middleware.rb:84:in `protected_app_call'
  better_errors (2.1.1) lib/better_errors/middleware.rb:79:in `better_errors_call'
  better_errors (2.1.1) lib/better_errors/middleware.rb:57:in `call'
  actionpack (4.2.6) lib/action_dispatch/middleware/debug_exceptions.rb:17:in `call'
  web-console (2.3.0) lib/web_console/middleware.rb:28:in `block in call'
  web-console (2.3.0) lib/web_console/middleware.rb:18:in `call'
  actionpack (4.2.6) lib/action_dispatch/middleware/show_exceptions.rb:30:in `call'
  railties (4.2.6) lib/rails/rack/logger.rb:38:in `call_app'
  railties (4.2.6) lib/rails/rack/logger.rb:20:in `block in call'
  activesupport (4.2.6) lib/active_support/tagged_logging.rb:68:in `block in tagged'
  activesupport (4.2.6) lib/active_support/tagged_logging.rb:26:in `tagged'
  activesupport (4.2.6) lib/active_support/tagged_logging.rb:68:in `tagged'
  railties (4.2.6) lib/rails/rack/logger.rb:20:in `call'
  actionpack (4.2.6) lib/action_dispatch/middleware/request_id.rb:21:in `call'
  rack (1.6.4) lib/rack/methodoverride.rb:22:in `call'
  rack (1.6.4) lib/rack/runtime.rb:18:in `call'
  activesupport (4.2.6) lib/active_support/cache/strategy/local_cache_middleware.rb:28:in `call'
  rack (1.6.4) lib/rack/lock.rb:17:in `call'
  actionpack (4.2.6) lib/action_dispatch/middleware/static.rb:120:in `call'
  rack (1.6.4) lib/rack/sendfile.rb:113:in `call'
  railties (4.2.6) lib/rails/engine.rb:518:in `call'
  railties (4.2.6) lib/rails/application.rb:165:in `call'
  rack (1.6.4) lib/rack/lock.rb:17:in `call'
  rack (1.6.4) lib/rack/content_length.rb:15:in `call'
  rack (1.6.4) lib/rack/handler/webrick.rb:88:in `service'
  /Users/Maverick/.rvm/rubies/ruby-2.2.1/lib/ruby/2.2.0/webrick/httpserver.rb:138:in `service'
  /Users/Maverick/.rvm/rubies/ruby-2.2.1/lib/ruby/2.2.0/webrick/httpserver.rb:94:in `run'
  /Users/Maverick/.rvm/rubies/ruby-2.2.1/lib/ruby/2.2.0/webrick/server.rb:294:in `block in start_thread'



Started POST "/__better_errors/711b39a160a5f390/variables" for ::1 at 2016-05-17 21:56:41 -0700

NameError (wrong local variable name `#$!' for #<Binding:0x007f9f8948ddb8>):
  better_errors (2.1.1) lib/better_errors/stack_frame.rb:73:in `local_variable_get'
  better_errors (2.1.1) lib/better_errors/stack_frame.rb:73:in `block in local_variables'
  better_errors (2.1.1) lib/better_errors/stack_frame.rb:71:in `each'
  better_errors (2.1.1) lib/better_errors/stack_frame.rb:71:in `each_with_object'
  better_errors (2.1.1) lib/better_errors/stack_frame.rb:71:in `local_variables'
  (erubis:52:in `render'
  erubis (2.7.0) lib/erubis/evaluator.rb:65:in `eval'
  erubis (2.7.0) lib/erubis/evaluator.rb:65:in `result'
  better_errors (2.1.1) lib/better_errors/error_page.rb:30:in `render'
  better_errors (2.1.1) lib/better_errors/error_page.rb:37:in `do_variables'
  better_errors (2.1.1) lib/better_errors/middleware.rb:132:in `internal_call'
  better_errors (2.1.1) lib/better_errors/middleware.rb:75:in `better_errors_call'
  better_errors (2.1.1) lib/better_errors/middleware.rb:57:in `call'
  actionpack (4.2.6) lib/action_dispatch/middleware/debug_exceptions.rb:17:in `call'
  web-console (2.3.0) lib/web_console/middleware.rb:28:in `block in call'
  web-console (2.3.0) lib/web_console/middleware.rb:18:in `catch'
  web-console (2.3.0) lib/web_console/middleware.rb:18:in `call'
  actionpack (4.2.6) lib/action_dispatch/middleware/show_exceptions.rb:30:in `call'
  railties (4.2.6) lib/rails/rack/logger.rb:38:in `call_app'
  railties (4.2.6) lib/rails/rack/logger.rb:20:in `block in call'
  activesupport (4.2.6) lib/active_support/tagged_logging.rb:68:in `block in tagged'
  activesupport (4.2.6) lib/active_support/tagged_logging.rb:26:in `tagged'
  activesupport (4.2.6) lib/active_support/tagged_logging.rb:68:in `tagged'
  railties (4.2.6) lib/rails/rack/logger.rb:20:in `call'
  actionpack (4.2.6) lib/action_dispatch/middleware/request_id.rb:21:in `call'
  rack (1.6.4) lib/rack/methodoverride.rb:22:in `call'
  rack (1.6.4) lib/rack/runtime.rb:18:in `call'
  activesupport (4.2.6) lib/active_support/cache/strategy/local_cache_middleware.rb:28:in `call'
  rack (1.6.4) lib/rack/lock.rb:17:in `call'
  actionpack (4.2.6) lib/action_dispatch/middleware/static.rb:120:in `call'
  rack (1.6.4) lib/rack/sendfile.rb:113:in `call'
  railties (4.2.6) lib/rails/engine.rb:518:in `call'
  railties (4.2.6) lib/rails/application.rb:165:in `call'
  rack (1.6.4) lib/rack/lock.rb:17:in `call'
  rack (1.6.4) lib/rack/content_length.rb:15:in `call'
  rack (1.6.4) lib/rack/handler/webrick.rb:88:in `service'
  /Users/Maverick/.rvm/rubies/ruby-2.2.1/lib/ruby/2.2.0/webrick/httpserver.rb:138:in `service'
  /Users/Maverick/.rvm/rubies/ruby-2.2.1/lib/ruby/2.2.0/webrick/httpserver.rb:94:in `run'
  /Users/Maverick/.rvm/rubies/ruby-2.2.1/lib/ruby/2.2.0/webrick/server.rb:294:in `block in start_thread'


  Rendered /Users/Maverick/.rvm/gems/ruby-2.2.1/gems/actionpack-4.2.6/lib/action_dispatch/middleware/templates/rescues/_source.erb (2.4ms)
  Rendered /Users/Maverick/.rvm/gems/ruby-2.2.1/gems/actionpack-4.2.6/lib/action_dispatch/middleware/templates/rescues/_trace.html.erb (1.5ms)
  Rendered /Users/Maverick/.rvm/gems/ruby-2.2.1/gems/actionpack-4.2.6/lib/action_dispatch/middleware/templates/rescues/_request_and_response.html.erb (0.7ms)
  Rendered /Users/Maverick/.rvm/gems/ruby-2.2.1/gems/actionpack-4.2.6/lib/action_dispatch/middleware/templates/rescues/diagnostics.html.erb within rescues/layout (43.7ms)
  Rendered /Users/Maverick/.rvm/gems/ruby-2.2.1/gems/web-console-2.3.0/lib/web_console/templates/_markup.html.erb (0.3ms)
  Rendered /Users/Maverick/.rvm/gems/ruby-2.2.1/gems/web-console-2.3.0/lib/web_console/templates/_inner_console_markup.html.erb within layouts/inlined_string (0.2ms)
  Rendered /Users/Maverick/.rvm/gems/ruby-2.2.1/gems/web-console-2.3.0/lib/web_console/templates/_prompt_box_markup.html.erb within layouts/inlined_string (0.2ms)
  Rendered /Users/Maverick/.rvm/gems/ruby-2.2.1/gems/web-console-2.3.0/lib/web_console/templates/style.css.erb within layouts/inlined_string (0.3ms)
  Rendered /Users/Maverick/.rvm/gems/ruby-2.2.1/gems/web-console-2.3.0/lib/web_console/templates/console.js.erb within layouts/javascript (38.5ms)
  Rendered /Users/Maverick/.rvm/gems/ruby-2.2.1/gems/web-console-2.3.0/lib/web_console/templates/main.js.erb within layouts/javascript (0.2ms)
  Rendered /Users/Maverick/.rvm/gems/ruby-2.2.1/gems/web-console-2.3.0/lib/web_console/templates/error_page.js.erb within layouts/javascript (0.3ms)
  Rendered /Users/Maverick/.rvm/gems/ruby-2.2.1/gems/web-console-2.3.0/lib/web_console/templates/index.html.erb (83.5ms)


Started POST "/__better_errors/711b39a160a5f390/variables" for ::1 at 2016-05-17 21:56:45 -0700


Started GET "/" for ::1 at 2016-05-18 10:30:51 -0700

Gem::LoadError - Specified 'postgresql' for database adapter, but the gem is not loaded. Add `gem 'pg'` to your Gemfile (and ensure its version is at the minimum required by ActiveRecord).:
  activerecord (4.2.6) lib/active_record/connection_adapters/connection_specification.rb:177:in `rescue in spec'
  activerecord (4.2.6) lib/active_record/connection_adapters/connection_specification.rb:174:in `spec'
  activerecord (4.2.6) lib/active_record/connection_handling.rb:50:in `establish_connection'
  activerecord (4.2.6) lib/active_record/railtie.rb:120:in `block (2 levels) in <class:Railtie>'
  activesupport (4.2.6) lib/active_support/lazy_load_hooks.rb:38:in `execute_hook'
  activesupport (4.2.6) lib/active_support/lazy_load_hooks.rb:45:in `block in run_load_hooks'
  activesupport (4.2.6) lib/active_support/lazy_load_hooks.rb:44:in `run_load_hooks'
  activerecord (4.2.6) lib/active_record/base.rb:315:in `<module:ActiveRecord>'
  activerecord (4.2.6) lib/active_record/base.rb:26:in `<top (required)>'
  activerecord (4.2.6) lib/active_record/migration.rb:383:in `connection'
  activerecord (4.2.6) lib/active_record/migration.rb:370:in `call'
  actionpack (4.2.6) lib/action_dispatch/middleware/callbacks.rb:29:in `block in call'
  activesupport (4.2.6) lib/active_support/callbacks.rb:88:in `__run_callbacks__'
  activesupport (4.2.6) lib/active_support/callbacks.rb:778:in `_run_call_callbacks'
  activesupport (4.2.6) lib/active_support/callbacks.rb:81:in `run_callbacks'
  actionpack (4.2.6) lib/action_dispatch/middleware/callbacks.rb:27:in `call'
  actionpack (4.2.6) lib/action_dispatch/middleware/reloader.rb:73:in `call'
  actionpack (4.2.6) lib/action_dispatch/middleware/remote_ip.rb:78:in `call'
  better_errors (2.1.1) lib/better_errors/middleware.rb:84:in `protected_app_call'
  better_errors (2.1.1) lib/better_errors/middleware.rb:79:in `better_errors_call'
  better_errors (2.1.1) lib/better_errors/middleware.rb:57:in `call'
  actionpack (4.2.6) lib/action_dispatch/middleware/debug_exceptions.rb:17:in `call'
  web-console (2.3.0) lib/web_console/middleware.rb:28:in `block in call'
  web-console (2.3.0) lib/web_console/middleware.rb:18:in `call'
  actionpack (4.2.6) lib/action_dispatch/middleware/show_exceptions.rb:30:in `call'
  railties (4.2.6) lib/rails/rack/logger.rb:38:in `call_app'
  railties (4.2.6) lib/rails/rack/logger.rb:20:in `block in call'
  activesupport (4.2.6) lib/active_support/tagged_logging.rb:68:in `block in tagged'
  activesupport (4.2.6) lib/active_support/tagged_logging.rb:26:in `tagged'
  activesupport (4.2.6) lib/active_support/tagged_logging.rb:68:in `tagged'
  railties (4.2.6) lib/rails/rack/logger.rb:20:in `call'
  actionpack (4.2.6) lib/action_dispatch/middleware/request_id.rb:21:in `call'
  rack (1.6.4) lib/rack/methodoverride.rb:22:in `call'
  rack (1.6.4) lib/rack/runtime.rb:18:in `call'
  activesupport (4.2.6) lib/active_support/cache/strategy/local_cache_middleware.rb:28:in `call'
  rack (1.6.4) lib/rack/lock.rb:17:in `call'
  actionpack (4.2.6) lib/action_dispatch/middleware/static.rb:120:in `call'
  rack (1.6.4) lib/rack/sendfile.rb:113:in `call'
  railties (4.2.6) lib/rails/engine.rb:518:in `call'
  railties (4.2.6) lib/rails/application.rb:165:in `call'
  rack (1.6.4) lib/rack/lock.rb:17:in `call'
  rack (1.6.4) lib/rack/content_length.rb:15:in `call'
  rack (1.6.4) lib/rack/handler/webrick.rb:88:in `service'
  /Users/Maverick/.rvm/rubies/ruby-2.2.1/lib/ruby/2.2.0/webrick/httpserver.rb:138:in `service'
  /Users/Maverick/.rvm/rubies/ruby-2.2.1/lib/ruby/2.2.0/webrick/httpserver.rb:94:in `run'
  /Users/Maverick/.rvm/rubies/ruby-2.2.1/lib/ruby/2.2.0/webrick/server.rb:294:in `block in start_thread'



Started POST "/__better_errors/fa167bcefbcb77bd/variables" for ::1 at 2016-05-18 10:30:51 -0700

NameError (wrong local variable name `#$!' for #<Binding:0x007faab922b440>):
  better_errors (2.1.1) lib/better_errors/stack_frame.rb:73:in `local_variable_get'
  better_errors (2.1.1) lib/better_errors/stack_frame.rb:73:in `block in local_variables'
  better_errors (2.1.1) lib/better_errors/stack_frame.rb:71:in `each'
  better_errors (2.1.1) lib/better_errors/stack_frame.rb:71:in `each_with_object'
  better_errors (2.1.1) lib/better_errors/stack_frame.rb:71:in `local_variables'
  (erubis:52:in `render'
  erubis (2.7.0) lib/erubis/evaluator.rb:65:in `eval'
  erubis (2.7.0) lib/erubis/evaluator.rb:65:in `result'
  better_errors (2.1.1) lib/better_errors/error_page.rb:30:in `render'
  better_errors (2.1.1) lib/better_errors/error_page.rb:37:in `do_variables'
  better_errors (2.1.1) lib/better_errors/middleware.rb:132:in `internal_call'
  better_errors (2.1.1) lib/better_errors/middleware.rb:75:in `better_errors_call'
  better_errors (2.1.1) lib/better_errors/middleware.rb:57:in `call'
  actionpack (4.2.6) lib/action_dispatch/middleware/debug_exceptions.rb:17:in `call'
  web-console (2.3.0) lib/web_console/middleware.rb:28:in `block in call'
  web-console (2.3.0) lib/web_console/middleware.rb:18:in `catch'
  web-console (2.3.0) lib/web_console/middleware.rb:18:in `call'
  actionpack (4.2.6) lib/action_dispatch/middleware/show_exceptions.rb:30:in `call'
  railties (4.2.6) lib/rails/rack/logger.rb:38:in `call_app'
  railties (4.2.6) lib/rails/rack/logger.rb:20:in `block in call'
  activesupport (4.2.6) lib/active_support/tagged_logging.rb:68:in `block in tagged'
  activesupport (4.2.6) lib/active_support/tagged_logging.rb:26:in `tagged'
  activesupport (4.2.6) lib/active_support/tagged_logging.rb:68:in `tagged'
  railties (4.2.6) lib/rails/rack/logger.rb:20:in `call'
  actionpack (4.2.6) lib/action_dispatch/middleware/request_id.rb:21:in `call'
  rack (1.6.4) lib/rack/methodoverride.rb:22:in `call'
  rack (1.6.4) lib/rack/runtime.rb:18:in `call'
  activesupport (4.2.6) lib/active_support/cache/strategy/local_cache_middleware.rb:28:in `call'
  rack (1.6.4) lib/rack/lock.rb:17:in `call'
  actionpack (4.2.6) lib/action_dispatch/middleware/static.rb:120:in `call'
  rack (1.6.4) lib/rack/sendfile.rb:113:in `call'
  railties (4.2.6) lib/rails/engine.rb:518:in `call'
  railties (4.2.6) lib/rails/application.rb:165:in `call'
  rack (1.6.4) lib/rack/lock.rb:17:in `call'
  rack (1.6.4) lib/rack/content_length.rb:15:in `call'
  rack (1.6.4) lib/rack/handler/webrick.rb:88:in `service'
  /Users/Maverick/.rvm/rubies/ruby-2.2.1/lib/ruby/2.2.0/webrick/httpserver.rb:138:in `service'
  /Users/Maverick/.rvm/rubies/ruby-2.2.1/lib/ruby/2.2.0/webrick/httpserver.rb:94:in `run'
  /Users/Maverick/.rvm/rubies/ruby-2.2.1/lib/ruby/2.2.0/webrick/server.rb:294:in `block in start_thread'


  Rendered /Users/Maverick/.rvm/gems/ruby-2.2.1/gems/actionpack-4.2.6/lib/action_dispatch/middleware/templates/rescues/_source.erb (3.6ms)
  Rendered /Users/Maverick/.rvm/gems/ruby-2.2.1/gems/actionpack-4.2.6/lib/action_dispatch/middleware/templates/rescues/_trace.html.erb (2.1ms)
  Rendered /Users/Maverick/.rvm/gems/ruby-2.2.1/gems/actionpack-4.2.6/lib/action_dispatch/middleware/templates/rescues/_request_and_response.html.erb (1.3ms)
  Rendered /Users/Maverick/.rvm/gems/ruby-2.2.1/gems/actionpack-4.2.6/lib/action_dispatch/middleware/templates/rescues/diagnostics.html.erb within rescues/layout (55.4ms)
  Rendered /Users/Maverick/.rvm/gems/ruby-2.2.1/gems/web-console-2.3.0/lib/web_console/templates/_markup.html.erb (0.6ms)
  Rendered /Users/Maverick/.rvm/gems/ruby-2.2.1/gems/web-console-2.3.0/lib/web_console/templates/_inner_console_markup.html.erb within layouts/inlined_string (0.3ms)
  Rendered /Users/Maverick/.rvm/gems/ruby-2.2.1/gems/web-console-2.3.0/lib/web_console/templates/_prompt_box_markup.html.erb within layouts/inlined_string (0.3ms)
  Rendered /Users/Maverick/.rvm/gems/ruby-2.2.1/gems/web-console-2.3.0/lib/web_console/templates/style.css.erb within layouts/inlined_string (0.5ms)
  Rendered /Users/Maverick/.rvm/gems/ruby-2.2.1/gems/web-console-2.3.0/lib/web_console/templates/console.js.erb within layouts/javascript (45.2ms)
  Rendered /Users/Maverick/.rvm/gems/ruby-2.2.1/gems/web-console-2.3.0/lib/web_console/templates/main.js.erb within layouts/javascript (0.3ms)
  Rendered /Users/Maverick/.rvm/gems/ruby-2.2.1/gems/web-console-2.3.0/lib/web_console/templates/error_page.js.erb within layouts/javascript (0.4ms)
  Rendered /Users/Maverick/.rvm/gems/ruby-2.2.1/gems/web-console-2.3.0/lib/web_console/templates/index.html.erb (102.5ms)
